c:\users\admin\desktop\qtchart_kai\qtchart_kai\release\qrc_qtchart_kai.obj
c:\users\admin\desktop\qtchart_kai\qtchart_kai\release\moc_mainmenu.obj
c:\users\admin\desktop\qtchart_kai\qtchart_kai\release\moc_qtchart_kai.obj
c:\users\admin\desktop\qtchart_kai\qtchart_kai\release\mainmenu.obj
c:\users\admin\desktop\qtchart_kai\qtchart_kai\release\qtchart_kai.obj
c:\users\admin\desktop\qtchart_kai\qtchart_kai\release\main.obj
c:\users\admin\desktop\qtchart_kai\qtchart_kai\release\moc\moc_qtchart_kai.cpp
c:\users\admin\desktop\qtchart_kai\qtchart_kai\release\moc\moc_mainmenu.cpp
c:\users\admin\desktop\qtchart_kai\qtchart_kai\release\uic\ui_mainmenu.h
c:\users\admin\desktop\qtchart_kai\qtchart_kai\release\uic\ui_qtchart_kai.h
c:\users\admin\desktop\qtchart_kai\qtchart_kai\release\rcc\qrc_qtchart_kai.cpp
c:\users\admin\desktop\qtchart_kai\qtchart_kai\release\qtchart_kai.tlog\cl.19656.write.1.tlog
c:\users\admin\desktop\qtchart_kai\qtchart_kai\release\qtchart_kai.tlog\cl.command.1.tlog
c:\users\admin\desktop\qtchart_kai\qtchart_kai\release\qtchart_kai.tlog\cl.read.1.tlog
c:\users\admin\desktop\qtchart_kai\qtchart_kai\release\qtchart_kai.tlog\link.command.1.tlog
c:\users\admin\desktop\qtchart_kai\qtchart_kai\release\qtchart_kai.tlog\link.read.1.tlog
c:\users\admin\desktop\qtchart_kai\qtchart_kai\release\qtchart_kai.tlog\link.write.1.tlog
c:\users\admin\desktop\qtchart_kai\qtchart_kai\release\qtchart_kai.tlog\moc.read.1u.tlog
c:\users\admin\desktop\qtchart_kai\qtchart_kai\release\qtchart_kai.tlog\moc.write.1u.tlog
c:\users\admin\desktop\qtchart_kai\qtchart_kai\release\qtchart_kai.tlog\qtchart_kai.write.1u.tlog
c:\users\admin\desktop\qtchart_kai\qtchart_kai\release\qtchart_kai.tlog\rcc.read.1u.tlog
c:\users\admin\desktop\qtchart_kai\qtchart_kai\release\qtchart_kai.tlog\rcc.write.1u.tlog
c:\users\admin\desktop\qtchart_kai\qtchart_kai\release\qtchart_kai.tlog\uic.read.1u.tlog
c:\users\admin\desktop\qtchart_kai\qtchart_kai\release\qtchart_kai.tlog\uic.write.1u.tlog
