c:\users\admin\desktop\qtchart_kai\qtchart_kai\x64\debug\moc_qtchart_kai.obj
c:\users\admin\desktop\qtchart_kai\qtchart_kai\x64\debug\qrc_qtchart_kai.obj
c:\users\admin\desktop\qtchart_kai\qtchart_kai\x64\debug\moc_mainmenu.obj
c:\users\admin\desktop\qtchart_kai\qtchart_kai\x64\debug\vc141.pdb
c:\users\admin\desktop\qtchart_kai\qtchart_kai\x64\debug\main.obj
c:\users\admin\desktop\qtchart_kai\qtchart_kai\x64\debug\mainmenu.obj
c:\users\admin\desktop\qtchart_kai\qtchart_kai\x64\debug\qtchart_kai.obj
c:\users\admin\desktop\qtchart_kai\qtchart_kai\x64\debug\moc\moc_mainmenu.cpp
c:\users\admin\desktop\qtchart_kai\qtchart_kai\x64\debug\moc\moc_qtchart_kai.cpp
c:\users\admin\desktop\qtchart_kai\qtchart_kai\x64\debug\uic\ui_mainmenu.h
c:\users\admin\desktop\qtchart_kai\qtchart_kai\x64\debug\uic\ui_qtchart_kai.h
c:\users\admin\desktop\qtchart_kai\qtchart_kai\x64\debug\rcc\qrc_qtchart_kai.cpp
c:\users\admin\desktop\qtchart_kai\x64\debug\qtchart_kai.pdb
c:\users\admin\desktop\qtchart_kai\qtchart_kai\x64\debug\qtchart_kai.tlog\cl.command.1.tlog
c:\users\admin\desktop\qtchart_kai\qtchart_kai\x64\debug\qtchart_kai.tlog\cl.read.1.tlog
c:\users\admin\desktop\qtchart_kai\qtchart_kai\x64\debug\qtchart_kai.tlog\cl.write.1.tlog
c:\users\admin\desktop\qtchart_kai\qtchart_kai\x64\debug\qtchart_kai.tlog\link-cvtres.read.1.tlog
c:\users\admin\desktop\qtchart_kai\qtchart_kai\x64\debug\qtchart_kai.tlog\link-cvtres.write.1.tlog
c:\users\admin\desktop\qtchart_kai\qtchart_kai\x64\debug\qtchart_kai.tlog\link-rc.read.1.tlog
c:\users\admin\desktop\qtchart_kai\qtchart_kai\x64\debug\qtchart_kai.tlog\link-rc.write.1.tlog
c:\users\admin\desktop\qtchart_kai\qtchart_kai\x64\debug\qtchart_kai.tlog\link.7488-cvtres.read.1.tlog
c:\users\admin\desktop\qtchart_kai\qtchart_kai\x64\debug\qtchart_kai.tlog\link.7488-cvtres.write.1.tlog
c:\users\admin\desktop\qtchart_kai\qtchart_kai\x64\debug\qtchart_kai.tlog\link.7488-rc.read.1.tlog
c:\users\admin\desktop\qtchart_kai\qtchart_kai\x64\debug\qtchart_kai.tlog\link.7488-rc.write.1.tlog
c:\users\admin\desktop\qtchart_kai\qtchart_kai\x64\debug\qtchart_kai.tlog\link.7488.read.1.tlog
c:\users\admin\desktop\qtchart_kai\qtchart_kai\x64\debug\qtchart_kai.tlog\link.7488.write.1.tlog
c:\users\admin\desktop\qtchart_kai\qtchart_kai\x64\debug\qtchart_kai.tlog\link.command.1.tlog
c:\users\admin\desktop\qtchart_kai\qtchart_kai\x64\debug\qtchart_kai.tlog\link.read.1.tlog
c:\users\admin\desktop\qtchart_kai\qtchart_kai\x64\debug\qtchart_kai.tlog\link.write.1.tlog
c:\users\admin\desktop\qtchart_kai\qtchart_kai\x64\debug\qtchart_kai.tlog\moc.read.1u.tlog
c:\users\admin\desktop\qtchart_kai\qtchart_kai\x64\debug\qtchart_kai.tlog\moc.write.1u.tlog
c:\users\admin\desktop\qtchart_kai\qtchart_kai\x64\debug\qtchart_kai.tlog\qtchart_kai.write.1u.tlog
c:\users\admin\desktop\qtchart_kai\qtchart_kai\x64\debug\qtchart_kai.tlog\rcc.read.1u.tlog
c:\users\admin\desktop\qtchart_kai\qtchart_kai\x64\debug\qtchart_kai.tlog\rcc.write.1u.tlog
c:\users\admin\desktop\qtchart_kai\qtchart_kai\x64\debug\qtchart_kai.tlog\uic.read.1u.tlog
c:\users\admin\desktop\qtchart_kai\qtchart_kai\x64\debug\qtchart_kai.tlog\uic.write.1u.tlog
